app/build/intermediates/manifest_merge_blame_file/debug/manifest-merger-blame-debug-report.txt
1<?xml version="1.0" encoding="utf-8"?>
2<manifest xmlns:android="http://schemas.android.com/apk/res/android"
3    package="comp3350.winSport"
4    android:versionCode="1"
5    android:versionName="1.0" >
6
7    <uses-sdk
8        android:minSdkVersion="23"
8-->src\main\AndroidManifest.xml
9        android:targetSdkVersion="30" />
9-->src\main\AndroidManifest.xml
10
11    <application
11-->src\main\AndroidManifest.xml:5:5-25:19
12        android:appComponentFactory="androidx.core.app.CoreComponentFactory"
12-->[androidx.core:core:1.3.1] AndroidManifest.xml:24:18-86
13        android:debuggable="true"
14        android:extractNativeLibs="false"
15        android:icon="@mipmap/ic_launcher"
15-->src\main\AndroidManifest.xml:6:9-43
16        android:label="@string/app_name"
16-->src\main\AndroidManifest.xml:7:9-41
17        android:roundIcon="@mipmap/ic_launcher_round"
17-->src\main\AndroidManifest.xml:8:9-54
18        android:supportsRtl="true"
18-->src\main\AndroidManifest.xml:9:9-35
19        android:testOnly="true"
20        android:theme="@style/Theme.WinnipegSports" >
20-->src\main\AndroidManifest.xml:10:9-52
21        <activity android:name="comp3350.winSport.Channel" >
21-->src\main\AndroidManifest.xml:11:9-12:20
21-->src\main\AndroidManifest.xml:11:19-42
22        </activity>
23        <activity android:name="comp3350.winSport.presentation.Teams" />
23-->src\main\AndroidManifest.xml:13:9-56
23-->src\main\AndroidManifest.xml:13:19-53
24        <activity android:name="comp3350.winSport.presentation.SplashScreenActivity" >
24-->src\main\AndroidManifest.xml:14:9-15:20
24-->src\main\AndroidManifest.xml:14:19-68
25        </activity>
26        <activity android:name="comp3350.winSport.presentation.MainActivity" >
26-->src\main\AndroidManifest.xml:16:9-22:20
26-->src\main\AndroidManifest.xml:16:19-60
27            <intent-filter>
27-->src\main\AndroidManifest.xml:17:13-21:29
28                <action android:name="android.intent.action.MAIN" />
28-->src\main\AndroidManifest.xml:18:17-69
28-->src\main\AndroidManifest.xml:18:25-66
29
30                <category android:name="android.intent.category.LAUNCHER" />
30-->src\main\AndroidManifest.xml:20:17-77
30-->src\main\AndroidManifest.xml:20:27-74
31            </intent-filter>
32        </activity>
33        <activity android:name="comp3350.winSport.presentation.RosterActivity" />
33-->src\main\AndroidManifest.xml:23:9-65
33-->src\main\AndroidManifest.xml:23:19-62
34        <activity android:name="comp3350.winSport.presentation.CurrentlyPlayingActivity" />
34-->src\main\AndroidManifest.xml:24:9-75
34-->src\main\AndroidManifest.xml:24:19-72
35    </application>
36
37</manifest>